0 info it worked if it ends with ok
1 verbose cli [ '/usr/bin/node',
1 verbose cli   '/usr/bin/npm',
1 verbose cli   'run',
1 verbose cli   'generateDocumentation' ]
2 info using npm@3.10.6
3 info using node@v4.4.6
4 verbose run-script [ 'pregenerateDocumentation',
4 verbose run-script   'generateDocumentation',
4 verbose run-script   'postgenerateDocumentation' ]
5 info lifecycle cesium@1.24.0~pregenerateDocumentation: cesium@1.24.0
6 silly lifecycle cesium@1.24.0~pregenerateDocumentation: no script for pregenerateDocumentation, continuing
7 info lifecycle cesium@1.24.0~generateDocumentation: cesium@1.24.0
8 verbose lifecycle cesium@1.24.0~generateDocumentation: unsafe-perm in lifecycle true
9 verbose lifecycle cesium@1.24.0~generateDocumentation: PATH: /usr/lib64/node_modules/npm/bin/node-gyp-bin:/mnt/HOME_EXT/Progs/OpenSensorHub/OpenSensorHub-client/repo/osh-js/node_modules/.bin:/usr/local/bin:/usr/bin:/bin:/opt/bin:/usr/x86_64-pc-linux-gnu/gcc-bin/4.9.3:/home/nevro/THALES/otp/bin
10 verbose lifecycle cesium@1.24.0~generateDocumentation: CWD: /mnt/HOME_EXT/Progs/OpenSensorHub/OpenSensorHub-client/repo/osh-js
11 silly lifecycle cesium@1.24.0~generateDocumentation: Args: [ '-c', 'gulp generateDocumentation' ]
12 silly lifecycle cesium@1.24.0~generateDocumentation: Returned: code: 1  signal: null
13 info lifecycle cesium@1.24.0~generateDocumentation: Failed to exec generateDocumentation script
14 verbose stack Error: cesium@1.24.0 generateDocumentation: `gulp generateDocumentation`
14 verbose stack Exit status 1
14 verbose stack     at EventEmitter.<anonymous> (/usr/lib64/node_modules/npm/lib/utils/lifecycle.js:255:16)
14 verbose stack     at emitTwo (events.js:87:13)
14 verbose stack     at EventEmitter.emit (events.js:172:7)
14 verbose stack     at ChildProcess.<anonymous> (/usr/lib64/node_modules/npm/lib/utils/spawn.js:40:14)
14 verbose stack     at emitTwo (events.js:87:13)
14 verbose stack     at ChildProcess.emit (events.js:172:7)
14 verbose stack     at maybeClose (internal/child_process.js:827:16)
14 verbose stack     at Process.ChildProcess._handle.onexit (internal/child_process.js:211:5)
15 verbose pkgid cesium@1.24.0
16 verbose cwd /mnt/HOME_EXT/Progs/OpenSensorHub/OpenSensorHub-client/repo/osh-js
17 error Linux 4.4.6-gentoo
18 error argv "/usr/bin/node" "/usr/bin/npm" "run" "generateDocumentation"
19 error node v4.4.6
20 error npm  v3.10.6
21 error code ELIFECYCLE
22 error cesium@1.24.0 generateDocumentation: `gulp generateDocumentation`
22 error Exit status 1
23 error Failed at the cesium@1.24.0 generateDocumentation script 'gulp generateDocumentation'.
23 error Make sure you have the latest version of node.js and npm installed.
23 error If you do, this is most likely a problem with the cesium package,
23 error not with npm itself.
23 error Tell the author that this fails on your system:
23 error     gulp generateDocumentation
23 error You can get information on how to open an issue for this project with:
23 error     npm bugs cesium
23 error Or if that isn't available, you can get their info via:
23 error     npm owner ls cesium
23 error There is likely additional logging output above.
24 verbose exit [ 1, true ]
