Arguments: 
  /home/nevro/.nvm/versions/node/v8.17.0/bin/node /usr/bin/yarn dev

PATH: 
  /home/nevro/.nvm/versions/node/v8.17.0/bin:/mnt/windows_data/android/osh-js/video-display-advanced-android-vuejs/node_modules/.bin:/usr/local/bin:/usr/bin:/bin:/usr/local/sbin:/opt/cuda/bin:/usr/lib/jvm/default/bin:/usr/bin/site_perl:/usr/bin/vendor_perl:/usr/bin/core_perl:/home/nevro/.gem/ruby/2.7.0/bin

Yarn version: 
  1.22.4

Node version: 
  8.17.0

Platform: 
  linux x64

Trace: 
  SyntaxError: /mnt/windows_data/android/osh-js/osh-js/issues/170/package.json: Unexpected token } in JSON at position 636
      at JSON.parse (<anonymous>)
      at /usr/lib/node_modules/yarn/lib/cli.js:1625:59
      at Generator.next (<anonymous>)
      at step (/usr/lib/node_modules/yarn/lib/cli.js:310:30)
      at /usr/lib/node_modules/yarn/lib/cli.js:321:13
      at <anonymous>

npm manifest: 
  {
    "name": "osh-js",
    "version": "1.3.3",
    "description": "OSH javascript Toolkit",
    "main": "osh.js",
    "repository": {
      "type": "git",
      "url": "git+https://github.com/opensensorhub/osh-js.git"
    },
    "keywords": [
      "OSH",
      "Sensors",
      "Toolkit",
      "Javascript",
      "GIS",
      "Spatial",
      "OGC",
      "SensorML"
    ],
    "author": "OSH community",
    "license": "ISC",
    "bugs": {
      "url": "https://github.com/opensensorhub/osh-js/issues"
    },
    "homepage": "https://github.com/opensensorhub/osh-js#readme",
    "scripts": {
      "dev": "webpack-dev-server --config webpack.config.js --mode development --watch",
    },
    "devDependencies": {
      "clean-webpack-plugin": "^3.0.0",
      "copy-webpack-plugin": "^5.1.1",
      "html-webpack-plugin": "^3.2.0",
      "webpack": "^4.42.0",
      "webpack-cli": "^3.3.11",
      "webpack-dev-server": "^3.10.3",
      "css-loader": "^3.4.2",
      "file-loader": "^5.1.0",
      "style-loader": "^1.1.3"
    },
    "dependencies": {
      "leaflet": "^1.6.0"
    }
  }

yarn manifest: 
  No manifest

Lockfile: 
  No lockfile
