0 info it worked if it ends with ok
1 verbose cli [ '/usr/bin/node',
1 verbose cli   '/usr/bin/npm',
1 verbose cli   'run',
1 verbose cli   'generateDocumentation' ]
2 info using npm@3.10.6
3 info using node@v4.4.6
4 verbose stack Error: ENOENT: no such file or directory, open '/mnt/HOME_EXT/Progs/OpenSensorHub/OpenSensorHub-client/repo/osh-js/Toolkit/package.json'
4 verbose stack     at Error (native)
5 verbose cwd /mnt/HOME_EXT/Progs/OpenSensorHub/OpenSensorHub-client/repo/osh-js/Toolkit
6 error Linux 4.4.6-gentoo
7 error argv "/usr/bin/node" "/usr/bin/npm" "run" "generateDocumentation"
8 error node v4.4.6
9 error npm  v3.10.6
10 error path /mnt/HOME_EXT/Progs/OpenSensorHub/OpenSensorHub-client/repo/osh-js/Toolkit/package.json
11 error code ENOENT
12 error errno -2
13 error syscall open
14 error enoent ENOENT: no such file or directory, open '/mnt/HOME_EXT/Progs/OpenSensorHub/OpenSensorHub-client/repo/osh-js/Toolkit/package.json'
15 error enoent ENOENT: no such file or directory, open '/mnt/HOME_EXT/Progs/OpenSensorHub/OpenSensorHub-client/repo/osh-js/Toolkit/package.json'
15 error enoent This is most likely not a problem with npm itself
15 error enoent and is related to npm not being able to find a file.
16 verbose exit [ -2, true ]
